Start testing: Aug 14 13:47 中国标准时间
----------------------------------------------------------
1/1 Testing: workflow
1/1 Test: workflow
Command: "D:/Gitee.code/401_-demo/tst_workflow.exe"
Directory: D:/Gitee.code/401_-demo
"workflow" start time: Aug 14 13:47 中国标准时间
Output:
----------------------------------------------------------
<end of output>
Test time =   0.53 sec
----------------------------------------------------------
Test Passed.
"workflow" end time: Aug 14 13:47 中国标准时间
"workflow" time elapsed: 00:00:00
----------------------------------------------------------

End testing: Aug 14 13:47 中国标准时间
